<?xml version="1.0" encoding="UTF-8"?>
<testng-results ignored="0" total="1" passed="1" failed="0" skipped="0">
  <reporter-output>
  </reporter-output>
  <suite started-at="2021-06-03T22:59:49 AEST" name="Default suite" finished-at="2021-06-03T22:59:57 AEST" duration-ms="7821">
    <groups>
    </groups>
    <test started-at="2021-06-03T22:59:49 AEST" name="Default test" finished-at="2021-06-03T22:59:57 AEST" duration-ms="7821">
      <class name="CBA_test.CBA_test.SearchTest">
        <test-method signature="Search_caribean()[pri:0, instance:CBA_test.CBA_test.SearchTest@2b6faea6]" started-at="2021-06-03T22:59:49 AEST" name="Search_caribean" finished-at="2021-06-03T22:59:57 AEST" duration-ms="7760" status="PASS">
          <reporter-output>
          </reporter-output>
        </test-method> <!-- Search_caribean -->
      </class> <!-- CBA_test.CBA_test.SearchTest -->
    </test> <!-- Default test -->
  </suite> <!-- Default suite -->
</testng-results>
